2021-04-16 10:26:28,261 - main                 - INFO     - Début du script de nettoyage
2021-04-16 10:26:28,261 - main.nettoyage       - INFO     - Test du fichier decp.json
2021-04-16 10:26:28,262 - main.nettoyage       - INFO     - Test du fichier StockEtablissement_utf8.csv
2021-04-16 10:26:28,262 - main.nettoyage       - INFO     - Test du fichier StockUniteLegale_utf8.csv
2021-04-16 10:26:28,262 - main.nettoyage       - INFO     - Test du fichier cpv_2008_ver_2013.xlsx
2021-04-16 10:26:28,262 - main.nettoyage       - INFO     - Test du fichier geoflar-communes-2015.csv
2021-04-16 10:26:28,262 - main.nettoyage       - INFO     - Test du fichier departement2020.csv
2021-04-16 10:26:28,262 - main.nettoyage       - INFO     - Test du fichier region2020.csv
2021-04-16 10:26:28,262 - main.nettoyage       - INFO     - Ouverture du fichier decp.json
2021-04-16 10:26:41,995 - main.nettoyage       - INFO     - Début du traitement: Gestion des titulaires
2021-04-16 10:26:42,027 - main.nettoyage       - INFO     - Nombre de marché sans titulaires: 483. Remplacé par la valeur du concessionnaire
2021-04-16 10:26:42,041 - main.nettoyage       - INFO     - Nombre de marché sans montant: 219. Remplacé par la valeur globale
2021-04-16 10:26:42,078 - main.nettoyage       - INFO     - Nombre de marché sans identifiant acheteur: 357. Remplacé par l'identifiatn de l'autorité Concedante
2021-04-16 10:26:42,113 - main.nettoyage       - INFO     - Nombre de marché sans nom d'acheteur: 889. Remplacé par le nom de l'autorité Concédante
2021-04-16 10:30:57,578 - main.nettoyage       - INFO     - Fin du traitement
2021-04-16 10:30:57,578 - main.nettoyage       - INFO     - Début du traitement: Suppression des doublons
2021-04-16 10:30:59,070 - main.nettoyage       - INFO     - Nombre de ligne doublons supprimées: 262
2021-04-16 10:30:59,173 - main.nettoyage       - INFO     - Fin du traitement
2021-04-16 10:30:59,173 - main.nettoyage       - INFO     - Début du traitement: Déection et correction des montants aberrants
2021-04-16 10:30:59,726 - main.nettoyage       - INFO     - 1427 montant(s) correspondaient à des suites d'un seul chiffre. Exemple: 9 999 999
2021-04-16 10:30:59,761 - main.nettoyage       - INFO     - 3421 montant(s) étaient inférieurs à la borne inf 200.0
2021-04-16 10:30:59,797 - main.nettoyage       - INFO     - 33 montant(s) étaient supérieurs à la borne sup: 999000000.0
2021-04-16 10:30:59,825 - main.nettoyage       - INFO     - Au total, 6237 montant(s) ont été corrigé (on compte aussi les montants vides).
2021-04-16 10:30:59,825 - main.nettoyage       - INFO     - Fin du traitement
2021-04-16 10:30:59,825 - main.nettoyage       - INFO     - Début du traitement: Gestion des Id null
2021-04-16 10:30:59,860 - main.nettoyage       - INFO     - Nombre d'identifiant manquants et remplacés: 21
2021-04-16 10:30:59,896 - main.nettoyage       - INFO     - Nombre de code CPV manquants et remplacés: 2837
2021-04-16 10:30:59,976 - main.nettoyage       - INFO     - Nettoyage des idTitualires
2021-04-16 10:31:00,189 - main.nettoyage       - INFO     - Nombre d'identifiant titualire ou un traitement sur les caractères spéciaux a été fait: 268033
2021-04-16 10:31:00,189 - main.nettoyage       - INFO     - Récupération du code NIC
2021-04-16 10:31:00,368 - main.nettoyage       - INFO     - Récupération de la division du code CPV.
2021-04-16 10:31:00,529 - main.nettoyage       - INFO     - Mise en forme des données vides de la colonne denominationSociale
2021-04-16 10:31:00,599 - main.nettoyage       - INFO     - Fin du traitement
2021-04-16 10:31:00,599 - main.nettoyage       - INFO     - Début du traitement: Attribution et correction des régions/déprtements (code + libelle). Zone d'execution du marché
2021-04-16 10:31:00,599 - main.nettoyage       - INFO     - Création de la colonne département Execution
2021-04-16 10:31:01,100 - main.nettoyage       - INFO     - Création de la colonne contenant les codes des regions d'execution
2021-04-16 10:31:02,510 - main.nettoyage       - INFO     - Creation de la colonne contenant le libbelé des regions d'execution
2021-04-16 10:31:02,643 - main.nettoyage       - INFO     - Fin du traitement
2021-04-16 10:31:02,643 - main.nettoyage       - INFO     - Début du traitement: Récupération de l'année et du mois du marché public + Correction des années aberrantes
2021-04-16 10:31:02,859 - main.nettoyage       - INFO     - Récupération de l'année
2021-04-16 10:31:03,009 - main.nettoyage       - INFO     - Au total, 2889 marchés avaient une année érronée
2021-04-16 10:31:03,140 - main.nettoyage       - INFO     - Récupération du mois
2021-04-16 10:31:03,290 - main.nettoyage       - INFO     - Au total, 5 marchés n'ont pas de date de publication des données connue
2021-04-16 10:31:03,290 - main.nettoyage       - INFO     - Fin du traitement
2021-04-16 10:31:03,290 - main.nettoyage       - INFO     - Début du traitement: Correction de la variable dureeMois.
2021-04-16 10:31:03,329 - main.nettoyage       - INFO     - Au total, 41693 duree de marché en mois ont été jugées rentrées en jour et non en mois.
2021-04-16 10:31:03,329 - main.nettoyage       - INFO     - Fin du traitement
2021-04-16 10:31:03,329 - main.nettoyage       - INFO     - Début du tritement: Imputation de la variable dureeMois
2021-04-16 10:31:04,975 - main.nettoyage       - INFO     - Au total, 116 duree en mois sont encore supérieures à 120 (et les marchés ne concernent pas le monde des travaux)
2021-04-16 10:31:05,393 - main.nettoyage       - INFO     - Fin du traitement
2021-04-16 10:31:05,393 - main.nettoyage       - INFO     - Début du traitement: Remplacement des caractères mal converti
2021-04-16 10:31:05,489 - main.nettoyage       - INFO     - Fin du traitement
2021-04-16 10:31:05,489 - main.nettoyage       - INFO     - Creation csv intermédiaire: decp_nettoye.csv
2021-04-16 10:31:10,760 - main.nettoyage       - INFO     - Ecriture du csv terminé
2021-04-16 10:31:11,109 - main                 - INFO     - Fin du script de nettoyage
2021-04-16 10:31:11,110 - main                 - INFO     - Début du script d'enrichissement des données
